生成启动时间为 2022/1/30 13:45:38。
     1>项目“D:\编写的程序\2\找字母.c\找字母.c\找字母.c.vcxproj”在节点 2 上(build 个目标)。
     1>InitializeBuildStatus:
         正在对“Debug\找字母.c.unsuccessfulbuild”执行 Touch 任务。
       ClCompile:
         D:\c++\VC\bin\CL.exe /c /ZI /nologo /W3 /WX- /Od /Oy- /D WIN32 /D _DEBUG /D _WINDOWS /D _UNICODE /D UNICODE /Gm /EHsc /RTC1 /MDd /GS /fp:precise /Zc:wchar_t /Zc:forScope /Fo"Debug\\" /Fd"Debug\vc100.pdb" /Gd /TC /analyze- /errorReport:prompt "找字母.c"
         找字母.c
     1>d:\编写的程序\2\找字母.c\找字母.c\找字母.c(40): error C2143: 语法错误 : 缺少“;”(在“类型”的前面)
     1>d:\编写的程序\2\找字母.c\找字母.c\找字母.c(41): error C2065: “i”: 未声明的标识符
     1>d:\编写的程序\2\找字母.c\找字母.c\找字母.c(41): error C2065: “i”: 未声明的标识符
     1>d:\编写的程序\2\找字母.c\找字母.c\找字母.c(41): error C2065: “i”: 未声明的标识符
     1>d:\编写的程序\2\找字母.c\找字母.c\找字母.c(43): error C2065: “i”: 未声明的标识符
     1>d:\编写的程序\2\找字母.c\找字母.c\找字母.c(44): error C2065: “i”: 未声明的标识符
     1>d:\编写的程序\2\找字母.c\找字母.c\找字母.c(45): error C2065: “i”: 未声明的标识符
     1>d:\编写的程序\2\找字母.c\找字母.c\找字母.c(53): error C2065: “i”: 未声明的标识符
     1>d:\编写的程序\2\找字母.c\找字母.c\找字母.c(53): error C2065: “i”: 未声明的标识符
     1>d:\编写的程序\2\找字母.c\找字母.c\找字母.c(53): error C2065: “i”: 未声明的标识符
     1>d:\编写的程序\2\找字母.c\找字母.c\找字母.c(55): error C2065: “j”: 未声明的标识符
     1>d:\编写的程序\2\找字母.c\找字母.c\找字母.c(55): error C2065: “j”: 未声明的标识符
     1>d:\编写的程序\2\找字母.c\找字母.c\找字母.c(55): error C2065: “j”: 未声明的标识符
     1>d:\编写的程序\2\找字母.c\找字母.c\找字母.c(57): error C2065: “i”: 未声明的标识符
     1>d:\编写的程序\2\找字母.c\找字母.c\找字母.c(57): error C2065: “j”: 未声明的标识符
     1>d:\编写的程序\2\找字母.c\找字母.c\找字母.c(60): error C2065: “i”: 未声明的标识符
     1>d:\编写的程序\2\找字母.c\找字母.c\找字母.c(60): error C2065: “i”: 未声明的标识符
     1>d:\编写的程序\2\找字母.c\找字母.c\找字母.c(60): error C2065: “i”: 未声明的标识符
     1>d:\编写的程序\2\找字母.c\找字母.c\找字母.c(61): error C2065: “j”: 未声明的标识符
     1>d:\编写的程序\2\找字母.c\找字母.c\找字母.c(61): error C2065: “j”: 未声明的标识符
     1>d:\编写的程序\2\找字母.c\找字母.c\找字母.c(61): error C2065: “j”: 未声明的标识符
     1>d:\编写的程序\2\找字母.c\找字母.c\找字母.c(62): error C2065: “i”: 未声明的标识符
     1>d:\编写的程序\2\找字母.c\找字母.c\找字母.c(62): error C2065: “j”: 未声明的标识符
     1>d:\编写的程序\2\找字母.c\找字母.c\找字母.c(68): error C2065: “i”: 未声明的标识符
     1>d:\编写的程序\2\找字母.c\找字母.c\找字母.c(68): error C2065: “i”: 未声明的标识符
     1>d:\编写的程序\2\找字母.c\找字母.c\找字母.c(68): error C2065: “i”: 未声明的标识符
     1>d:\编写的程序\2\找字母.c\找字母.c\找字母.c(69): error C2065: “i”: 未声明的标识符
     1>d:\编写的程序\2\找字母.c\找字母.c\找字母.c(69): error C2065: “i”: 未声明的标识符
     1>d:\编写的程序\2\找字母.c\找字母.c\找字母.c(227): error C2143: 语法错误 : 缺少“;”(在“类型”的前面)
     1>已完成生成项目“D:\编写的程序\2\找字母.c\找字母.c\找字母.c.vcxproj”(build 个目标)的操作 - 失败。

生成失败。

已用时间 00:00:00.97
